[kbplacer_plugin_action.py:63]: Plugin version: 0.10
[kbplacer_plugin_action.py:64]: Python version: '3.11.5 (main, Apr  9 2024, 02:53:56) [MSC v.1936 64 bit (AMD64)]'
[kbplacer_plugin_action.py:65]: KiCad version: 8.0.2 with 4.2.0 msw (phoenix) wxWidgets 3.2.4
[kbplacer_dialog.py:584]: Language: es_MX
[kbplacer_plugin_action.py:76]: GUI state: {"layout_path": "C:\\Users\\dazri\\Documents\\Keyboard_Proyects\\NumPadMechanical\\keyboard-layoutNumpad.json", "key_distance": [19.05, 19.05], "key_info": {"annotation_format": "MX{}", "position_option": "Default", "position": {"x": 0.0, "y": 0.0, "orientation": 0.0, "side": "Front"}, "template_path": ""}, "enable_diode_placement": false, "route_switches_with_diodes": false, "diode_info": {"annotation_format": "D{}", "position_option": "Custom", "position": {"x": 3.5, "y": 3.5, "orientation": 0.0, "side": "Back"}, "template_path": ""}, "additional_elements": [{"annotation_format": "", "position_option": "Custom", "position": {"x": 0.0, "y": 0.0, "orientation": 0.0, "side": "Front"}, "template_path": ""}], "route_rows_and_columns": false, "template_path": "", "generate_outline": true, "outline_delta": 7.5}
[key_placer.py:299]: Set key 1U distance: 19050000/19050000
[key_placer.py:112]: Switches by nets: defaultdict(<class 'list'>, {frozenset({'ROW4', 'COL3'}): ['MX14'], frozenset({'COL3', 'ROW5'}): ['MX17'], frozenset({'COL1', 'ROW5'}): ['MX16'], frozenset({'ROW4', 'COL4'}): ['MX15'], frozenset({'COL4', 'ROW2'}): ['MX8'], frozenset({'COL1', 'ROW2'}): ['MX5'], frozenset({'COL2', 'ROW4'}): ['MX13'], frozenset({'ROW1', 'COL4'}): ['MX4'], frozenset({'COL3', 'ROW1'}): ['MX3'], frozenset({'ROW3', 'COL1'}): ['MX9'], frozenset({'COL2', 'ROW3'}): ['MX10'], frozenset({'COL3', 'ROW2'}): ['MX7'], frozenset({'COL1', 'ROW1'}): ['MX1'], frozenset({'ROW4', 'COL1'}): ['MX12'], frozenset({'COL2', 'ROW1'}): ['MX2'], frozenset({'ROW3', 'COL3'}): ['MX11'], frozenset({'COL2', 'ROW2'}): ['MX6']})
[key_placer.py:116]: Diodes by switch: {'MX14': ['D14'], 'MX17': ['D17'], 'MX13': ['D13'], 'MX16': ['D16'], 'MX10': ['D10'], 'MX9': ['D9'], 'MX11': ['D11'], 'MX1': ['D1'], 'MX7': ['D7'], 'MX3': ['D3'], 'MX2': ['D2'], 'MX6': ['D6'], 'MX4': ['D4'], 'MX5': ['D5'], 'MX8': ['D8'], 'MX12': ['D12'], 'MX15': ['D15']}
[board_modifier.py:63]: Searching for MX1 footprint in C:\Users\dazri\Documents\Keyboard_Proyects\NumPadMechanical\NumPadMechanical.kicad_pcb
[key_placer.py:495]: Looking for connection template between MX1 and other elements
[board_modifier.py:96]: Getting MX1 footprint position: (38100000, 38100000)
[key_placer.py:539]: Got connection template: 
[kle_serial.py:749]: User layout: [{'background': {'name': 'Bamboo', 'style': "background-image: url('/bg/wood/bamboo.jpg');"}, 'switchMount': 'cherry', 'switchBrand': 'kailh', 'switchType': 'PG151101D05/D43', 'pcb': True}, ['Num Lock', '/', '*', '-', {'x': 0.25, 'f': 4, 'w': 14, 'h': 5, 'd': True}, "<h5><b>Getting Started with Keyboard-Layout-Editor.com</b></h5><p>Keyboard-layout-editor.com is a web application that enables the editing of keyboard-layouts, i.e., the position and appearance of each physical key.</p><p>Start by exploring the presets and samples from the menu-bar to give you an idea of the possibilities.  Once you are ready to start designing your own keyboard, just load one of the presets and start customizing it!  Some tips:</p><ul><li>The selected keys can be modified on the <i>Properties</i> tab.</li><li>The <i>Keyboard Properties</i> tab lets you edit the keyboard background and keyboard metadata.</li><li>The <i>Custom Styles</i> tab lets you write advanced CSS styling rules.</li><li>Don't forget the <i>Color Swatches</i> and <i>Character Picker</i> menu items!  These give you easy access to colors and symbol characters, respectively.</li><li>There are a lot of available keyboard shortcuts; press '?' or 'F1' to see a list.</li></ul><p>When you're ready to save your layout, simply 'Sign In' with your <a href='https://www.github.com'>GitHub</a> account and click the <i>Save</i> button.  Your layout will be saved in a GitHub Gist.</p><p>Have fun!</p>"], [{'f': 3}, '7\nHome', '8\n↑', '9\nPgUp', {'h': 2}, '+'], ['4\n←', '5', '6\n→'], ['1\nEnd', '2\n↓', '3\nPgDn', {'h': 2}, 'Enter'], [{'w': 2}, '0\nIns', '.\nDel']]
[key_placer.py:595]: Layout offset: (28575000, 28575000)
[board_modifier.py:83]: Setting MX1 footprint position: (38100000, 38100000)
[board_modifier.py:83]: Setting MX2 footprint position: (57150000, 38100000)
[board_modifier.py:83]: Setting MX3 footprint position: (76200000, 38100000)
[board_modifier.py:83]: Setting MX4 footprint position: (95250000, 38100000)
[board_modifier.py:83]: Setting MX5 footprint position: (38100000, 57150000)
[board_modifier.py:83]: Setting MX6 footprint position: (57150000, 57150000)
[board_modifier.py:83]: Setting MX7 footprint position: (76200000, 57150000)
[board_modifier.py:83]: Setting MX8 footprint position: (95250000, 66675000)
[board_modifier.py:83]: Setting MX9 footprint position: (38100000, 76200000)
[board_modifier.py:83]: Setting MX10 footprint position: (57150000, 76200000)
[board_modifier.py:83]: Setting MX11 footprint position: (76200000, 76200000)
[board_modifier.py:83]: Setting MX12 footprint position: (38100000, 95250000)
[board_modifier.py:83]: Setting MX13 footprint position: (57150000, 95250000)
[board_modifier.py:83]: Setting MX14 footprint position: (76200000, 95250000)
[board_modifier.py:83]: Setting MX15 footprint position: (95250000, 104775000)
[board_modifier.py:83]: Setting MX16 footprint position: (47625000, 114300000)
[board_modifier.py:83]: Setting MX17 footprint position: (76200000, 114300000)
[key_placer.py:907]: Diode info: [ElementInfo(annotation_format='D{}', position_option=<PositionOption.UNCHANGED: 'Unchanged'>, position=ElementPosition(x=3.5, y=3.5, orientation=0.0, side=<Side.BACK: 'Back'>), template_path='')]
[board_modifier.py:96]: Getting MX14 footprint position: (76200000, 95250000)
[board_modifier.py:63]: Searching for  footprint in C:\Users\dazri\Documents\Keyboard_Proyects\NumPadMechanical\NumPadMechanical.kicad_pcb
[board_modifier.py:66]: Footprint not found
[board_modifier.py:96]: Getting MX17 footprint position: (76200000, 114300000)
[board_modifier.py:63]: Searching for  footprint in C:\Users\dazri\Documents\Keyboard_Proyects\NumPadMechanical\NumPadMechanical.kicad_pcb
[board_modifier.py:66]: Footprint not found
[board_modifier.py:96]: Getting MX16 footprint position: (47625000, 114300000)
[board_modifier.py:63]: Searching for  footprint in C:\Users\dazri\Documents\Keyboard_Proyects\NumPadMechanical\NumPadMechanical.kicad_pcb
[board_modifier.py:66]: Footprint not found
[board_modifier.py:96]: Getting MX15 footprint position: (95250000, 104775000)
[board_modifier.py:63]: Searching for  footprint in C:\Users\dazri\Documents\Keyboard_Proyects\NumPadMechanical\NumPadMechanical.kicad_pcb
[board_modifier.py:66]: Footprint not found
[board_modifier.py:96]: Getting MX8 footprint position: (95250000, 66675000)
[board_modifier.py:63]: Searching for  footprint in C:\Users\dazri\Documents\Keyboard_Proyects\NumPadMechanical\NumPadMechanical.kicad_pcb
[board_modifier.py:66]: Footprint not found
[board_modifier.py:96]: Getting MX5 footprint position: (38100000, 57150000)
[board_modifier.py:63]: Searching for  footprint in C:\Users\dazri\Documents\Keyboard_Proyects\NumPadMechanical\NumPadMechanical.kicad_pcb
[board_modifier.py:66]: Footprint not found
[board_modifier.py:96]: Getting MX13 footprint position: (57150000, 95250000)
[board_modifier.py:63]: Searching for  footprint in C:\Users\dazri\Documents\Keyboard_Proyects\NumPadMechanical\NumPadMechanical.kicad_pcb
[board_modifier.py:66]: Footprint not found
[board_modifier.py:96]: Getting MX4 footprint position: (95250000, 38100000)
[board_modifier.py:63]: Searching for  footprint in C:\Users\dazri\Documents\Keyboard_Proyects\NumPadMechanical\NumPadMechanical.kicad_pcb
[board_modifier.py:66]: Footprint not found
[board_modifier.py:96]: Getting MX3 footprint position: (76200000, 38100000)
[board_modifier.py:63]: Searching for  footprint in C:\Users\dazri\Documents\Keyboard_Proyects\NumPadMechanical\NumPadMechanical.kicad_pcb
[board_modifier.py:66]: Footprint not found
[board_modifier.py:96]: Getting MX9 footprint position: (38100000, 76200000)
[board_modifier.py:63]: Searching for  footprint in C:\Users\dazri\Documents\Keyboard_Proyects\NumPadMechanical\NumPadMechanical.kicad_pcb
[board_modifier.py:66]: Footprint not found
[board_modifier.py:96]: Getting MX10 footprint position: (57150000, 76200000)
[board_modifier.py:63]: Searching for  footprint in C:\Users\dazri\Documents\Keyboard_Proyects\NumPadMechanical\NumPadMechanical.kicad_pcb
[board_modifier.py:66]: Footprint not found
[board_modifier.py:96]: Getting MX7 footprint position: (76200000, 57150000)
[board_modifier.py:63]: Searching for  footprint in C:\Users\dazri\Documents\Keyboard_Proyects\NumPadMechanical\NumPadMechanical.kicad_pcb
[board_modifier.py:66]: Footprint not found
[board_modifier.py:96]: Getting MX1 footprint position: (38100000, 38100000)
[board_modifier.py:63]: Searching for  footprint in C:\Users\dazri\Documents\Keyboard_Proyects\NumPadMechanical\NumPadMechanical.kicad_pcb
[board_modifier.py:66]: Footprint not found
[board_modifier.py:96]: Getting MX12 footprint position: (38100000, 95250000)
[board_modifier.py:63]: Searching for  footprint in C:\Users\dazri\Documents\Keyboard_Proyects\NumPadMechanical\NumPadMechanical.kicad_pcb
[board_modifier.py:66]: Footprint not found
[board_modifier.py:96]: Getting MX2 footprint position: (57150000, 38100000)
[board_modifier.py:63]: Searching for  footprint in C:\Users\dazri\Documents\Keyboard_Proyects\NumPadMechanical\NumPadMechanical.kicad_pcb
[board_modifier.py:66]: Footprint not found
[board_modifier.py:96]: Getting MX11 footprint position: (76200000, 76200000)
[board_modifier.py:63]: Searching for  footprint in C:\Users\dazri\Documents\Keyboard_Proyects\NumPadMechanical\NumPadMechanical.kicad_pcb
[board_modifier.py:66]: Footprint not found
[board_modifier.py:96]: Getting MX6 footprint position: (57150000, 57150000)
[board_modifier.py:63]: Searching for  footprint in C:\Users\dazri\Documents\Keyboard_Proyects\NumPadMechanical\NumPadMechanical.kicad_pcb
[board_modifier.py:66]: Footprint not found
[edge_generator.py:74]: Running board edge generation around switch footprints
